This is pdfTeX, Version 3.14159265-2.6-1.40.20 (MiKTeX 2.9.7250 64-bit) (preloaded format=pdflatex 2019.11.15)  18 JAN 2020 10:08
entering extended mode
**./thesis.tex
(thesis.tex
LaTeX2e <2019-10-01> patch level 3
("C:\Users\david\AppData\Local\Programs\MiKTeX 2.9\tex/latex/base\book.cls"
Document Class: book 2019/10/25 v1.4k Standard LaTeX document class
("C:\Users\david\AppData\Local\Programs\MiKTeX 2.9\tex/latex/base\bk12.clo"
File: bk12.clo 2019/10/25 v1.4k Standard LaTeX file (size option)
)
\c@part=\count80
\c@chapter=\count81
\c@section=\count82
\c@subsection=\count83
\c@subsubsection=\count84
\c@paragraph=\count85
\c@subparagraph=\count86
\c@figure=\count87
\c@table=\count88
\abovecaptionskip=\skip41
\belowcaptionskip=\skip42
\bibindent=\dimen102
)
("C:\Users\david\AppData\Local\Programs\MiKTeX 2.9\tex/generic/babel\babel.sty"
Package: babel 2019/10/15 3.35 The Babel package
("C:\Users\david\AppData\Local\Programs\MiKTeX 2.9\tex/generic/babel\switch.def
"
File: switch.def 2019/10/15 3.35 Babel switching mechanism
)
*************************************
* Local config file bblopts.cfg used
*
("C:\Program Files\MiKTeX 2.9\tex/latex/arabi\bblopts.cfg"
File: bblopts.cfg 2005/09/08 v0.1 add Arabic and Farsi to "declared" options of
 babel
)
("C:\Users\david\AppData\Local\Programs\MiKTeX 2.9\tex/latex/babel-english\engl
ish.ldf"
Language: english 2017/06/06 v3.3r English support from the babel system

("C:\Users\david\AppData\Local\Programs\MiKTeX 2.9\tex/generic/babel\babel.def"
File: babel.def 2019/10/15 3.35 Babel common definitions
\babel@savecnt=\count89
\U@D=\dimen103

("C:\Users\david\AppData\Local\Programs\MiKTeX 2.9\tex/generic/babel\txtbabel.d
ef")
\bbl@dirlevel=\count90
)
\l@canadian = a dialect from \language\l@american 
\l@australian = a dialect from \language\l@british 
\l@newzealand = a dialect from \language\l@british 
))
("C:\Users\david\AppData\Local\Programs\MiKTeX 2.9\tex/generic/oberdiek\iflang.
sty"
Package: iflang 2018/01/21 v1.7 Checks for the current language (HO)

("C:\Users\david\AppData\Local\Programs\MiKTeX 2.9\tex/generic/oberdiek\infware
rr.sty"
Package: infwarerr 2016/05/16 v1.4 Providing info/warning/error messages (HO)
)
("C:\Users\david\AppData\Local\Programs\MiKTeX 2.9\tex/generic/oberdiek\pdftexc
mds.sty"
Package: pdftexcmds 2019/07/25 v0.30 Utility functions of pdfTeX for LuaTeX (HO
)

("C:\Users\david\AppData\Local\Programs\MiKTeX 2.9\tex/generic/iftex\ifluatex.s
ty"
Package: ifluatex 2019/10/25 v1.5 ifluatex legacy package. Use iftex instead.

("C:\Users\david\AppData\Local\Programs\MiKTeX 2.9\tex/generic/iftex\iftex.sty"
Package: iftex 2019/11/07 v1.0c TeX engine tests
))
("C:\Users\david\AppData\Local\Programs\MiKTeX 2.9\tex/generic/oberdiek\ltxcmds
.sty"
Package: ltxcmds 2016/05/16 v1.23 LaTeX kernel commands for general use (HO)
)
("C:\Users\david\AppData\Local\Programs\MiKTeX 2.9\tex/generic/iftex\ifpdf.sty"
Package: ifpdf 2019/10/25 v3.4 ifpdf legacy package. Use iftex instead.
)
Package pdftexcmds Info: LuaTeX not detected.
Package pdftexcmds Info: \pdf@primitive is available.
Package pdftexcmds Info: \pdf@ifprimitive is available.
Package pdftexcmds Info: \pdfdraftmode found.
)
Package iflang Info: Naming convention for patterns: babel.
) ("C:\Program Files\MiKTeX 2.9\tex/latex/listings\listings.sty"
("C:\Users\david\AppData\Local\Programs\MiKTeX 2.9\tex/latex/graphics\keyval.st
y"
Package: keyval 2014/10/28 v1.15 key=value parser (DPC)
\KV@toks@=\toks14
)
\lst@mode=\count91
\lst@gtempboxa=\box27
\lst@token=\toks15
\lst@length=\count92
\lst@currlwidth=\dimen104
\lst@column=\count93
\lst@pos=\count94
\lst@lostspace=\dimen105
\lst@width=\dimen106
\lst@newlines=\count95
\lst@lineno=\count96
\lst@maxwidth=\dimen107
 ("C:\Program Files\MiKTeX 2.9\tex/latex/listings\lstmisc.sty"
File: lstmisc.sty 2019/09/10 1.8c (Carsten Heinz)
\c@lstnumber=\count97
\lst@skipnumbers=\count98
\lst@framebox=\box28
)
("C:\Program Files\MiKTeX 2.9\tex/latex/listings\listings.cfg"
File: listings.cfg 2019/09/10 1.8c listings configuration
))
Package: listings 2019/09/10 1.8c (Carsten Heinz)

("C:\Users\david\AppData\Local\Programs\MiKTeX 2.9\tex/latex/acronym\acronym.st
y"
Package: acronym 2019/11/11 v1.42 Support for acronyms (Tobias Oetiker)

("C:\Users\david\AppData\Local\Programs\MiKTeX 2.9\tex/latex/bigfoot\suffix.sty
"
Package: suffix 2006/07/15 1.5a Variant command support
)
("C:\Users\david\AppData\Local\Programs\MiKTeX 2.9\tex/latex/xstring\xstring.st
y"
("C:\Users\david\AppData\Local\Programs\MiKTeX 2.9\tex/generic/xstring\xstring.
tex"
\integerpart=\count99
\decimalpart=\count100
)
Package: xstring 2019/02/06 v1.83 String manipulations (CT)
)
\AC@clearlist=\toks16
)
("C:\Users\david\AppData\Local\Programs\MiKTeX 2.9\tex/latex/glossaries/base\gl
ossaries.sty"
Package: glossaries 2019/09/28 v4.43 (NLCT)

("C:\Users\david\AppData\Local\Programs\MiKTeX 2.9\tex/latex/base\ifthen.sty"
Package: ifthen 2014/09/29 v1.1c Standard LaTeX ifthen package (DPC)
)
("C:\Users\david\AppData\Local\Programs\MiKTeX 2.9\tex/latex/xkeyval\xkeyval.st
y"
Package: xkeyval 2014/12/03 v2.7a package option processing (HA)

("C:\Users\david\AppData\Local\Programs\MiKTeX 2.9\tex/generic/xkeyval\xkeyval.
tex"
("C:\Users\david\AppData\Local\Programs\MiKTeX 2.9\tex/generic/xkeyval\xkvutils
.tex"
\XKV@toks=\toks17
\XKV@tempa@toks=\toks18
)
\XKV@depth=\count101
File: xkeyval.tex 2014/12/03 v2.7a key=value parser (HA)
))
("C:\Users\david\AppData\Local\Programs\MiKTeX 2.9\tex/latex/mfirstuc\mfirstuc.
sty"
Package: mfirstuc 2017/11/14 v2.06 (NLCT)
 ("C:\Program Files\MiKTeX 2.9\tex/latex/etoolbox\etoolbox.sty"
Package: etoolbox 2019/09/21 v2.5h e-TeX tools for LaTeX (JAW)
\etb@tempcnta=\count102
)
\@glsmfirst=\toks19
\@glsmrest=\toks20
)
("C:\Users\david\AppData\Local\Programs\MiKTeX 2.9\tex/latex/textcase\textcase.
sty"
Package: textcase 2019/09/14 v1.00 Text only upper/lower case changing (DPC)
) ("C:\Users\david\AppData\Local\Programs\MiKTeX 2.9\tex/latex/xfor\xfor.sty"
Package: xfor 2009/02/05 v1.05 (NLCT)
)
("C:\Users\david\AppData\Local\Programs\MiKTeX 2.9\tex/latex/datatool\datatool-
base.sty"
Package: datatool-base 2019/09/27 v2.32 (NLCT)

("C:\Users\david\AppData\Local\Programs\MiKTeX 2.9\tex/latex/amsmath\amsmath.st
y"
Package: amsmath 2019/04/01 v2.17c AMS math features
\@mathmargin=\skip43

For additional information on amsmath, use the `?' option.

("C:\Users\david\AppData\Local\Programs\MiKTeX 2.9\tex/latex/amsmath\amstext.st
y"
Package: amstext 2000/06/29 v2.01 AMS text

("C:\Users\david\AppData\Local\Programs\MiKTeX 2.9\tex/latex/amsmath\amsgen.sty
"
File: amsgen.sty 1999/11/30 v2.0 generic functions
\@emptytoks=\toks21
\ex@=\dimen108
))
("C:\Users\david\AppData\Local\Programs\MiKTeX 2.9\tex/latex/amsmath\amsbsy.sty
"
Package: amsbsy 1999/11/29 v1.2d Bold Symbols
\pmbraise@=\dimen109
)
("C:\Users\david\AppData\Local\Programs\MiKTeX 2.9\tex/latex/amsmath\amsopn.sty
"
Package: amsopn 2016/03/08 v2.02 operator names
)
\inf@bad=\count103
LaTeX Info: Redefining \frac on input line 227.
\uproot@=\count104
\leftroot@=\count105
LaTeX Info: Redefining \overline on input line 389.
\classnum@=\count106
\DOTSCASE@=\count107
LaTeX Info: Redefining \ldots on input line 486.
LaTeX Info: Redefining \dots on input line 489.
LaTeX Info: Redefining \cdots on input line 610.
\Mathstrutbox@=\box29
\strutbox@=\box30
\big@size=\dimen110
LaTeX Font Info:    Redeclaring font encoding OML on input line 733.
LaTeX Font Info:    Redeclaring font encoding OMS on input line 734.
\macc@depth=\count108
\c@MaxMatrixCols=\count109
\dotsspace@=\muskip10
\c@parentequation=\count110
\dspbrk@lvl=\count111
\tag@help=\toks22
\row@=\count112
\column@=\count113
\maxfields@=\count114
\andhelp@=\toks23
\eqnshift@=\dimen111
\alignsep@=\dimen112
\tagshift@=\dimen113
\tagwidth@=\dimen114
\totwidth@=\dimen115
\lineht@=\dimen116
\@envbody=\toks24
\multlinegap=\skip44
\multlinetaggap=\skip45
\mathdisplay@stack=\toks25
LaTeX Info: Redefining \[ on input line 2855.
LaTeX Info: Redefining \] on input line 2856.
)
("C:\Users\david\AppData\Local\Programs\MiKTeX 2.9\tex/latex/substr\substr.sty"
Package: substr 2009/10/20 v1.2 Handle substrings
\c@su@anzahl=\count115
)
("C:\Users\david\AppData\Local\Programs\MiKTeX 2.9\tex/latex/datatool\datatool-
fp.sty"
Package: datatool-fp 2019/09/27 v2.32 (NLCT)
 ("C:\Users\david\AppData\Local\Programs\MiKTeX 2.9\tex/latex/fp\fp.sty"
Package: fp 1995/04/02
`Fixed Point Package', Version 0.8, April 2, 1995 (C) Michael Mehlich
("C:\Users\david\AppData\Local\Programs\MiKTeX 2.9\tex/latex/fp\defpattern.sty"
Package: defpattern 1994/10/12
\actioncount=\count116
) ("C:\Users\david\AppData\Local\Programs\MiKTeX 2.9\tex/latex/fp\fp-basic.sty"
Package: fp-basic 1996/05/13
\FP@xs=\count117
\FP@xia=\count118
\FP@xib=\count119
\FP@xfa=\count120
\FP@xfb=\count121
\FP@rega=\count122
\FP@regb=\count123
\FP@regs=\count124
\FP@times=\count125
) ("C:\Users\david\AppData\Local\Programs\MiKTeX 2.9\tex/latex/fp\fp-addons.sty
"
Package: fp-addons 1995/03/15
) ("C:\Users\david\AppData\Local\Programs\MiKTeX 2.9\tex/latex/fp\fp-snap.sty"
Package: fp-snap 1995/04/05
) ("C:\Users\david\AppData\Local\Programs\MiKTeX 2.9\tex/latex/fp\fp-exp.sty"
Package: fp-exp 1995/04/03
)
("C:\Users\david\AppData\Local\Programs\MiKTeX 2.9\tex/latex/fp\fp-trigo.sty"
Package: fp-trigo 1995/04/14
)
("C:\Users\david\AppData\Local\Programs\MiKTeX 2.9\tex/latex/fp\fp-pas.sty"
Package: fp-pas 1994/08/29
)
("C:\Users\david\AppData\Local\Programs\MiKTeX 2.9\tex/latex/fp\fp-random.sty"
Package: fp-random 1995/02/23
\FPseed=\count126
) ("C:\Users\david\AppData\Local\Programs\MiKTeX 2.9\tex/latex/fp\fp-eqn.sty"
Package: fp-eqn 1995/04/03
)
("C:\Users\david\AppData\Local\Programs\MiKTeX 2.9\tex/latex/fp\fp-upn.sty"
Package: fp-upn 1996/10/21
)
("C:\Users\david\AppData\Local\Programs\MiKTeX 2.9\tex/latex/fp\fp-eval.sty"
Package: fp-eval 1995/04/03
)))
\@dtl@toks=\toks26
\@dtl@tmpcount=\count127
\dtl@tmplength=\skip46
\dtl@sortresult=\count128
\@dtl@numgrpsepcount=\count129
\@dtl@datatype=\count130
\dtl@codeA=\count131
\dtl@codeB=\count132
\@dtl@foreach@level=\count133
)
("C:\Users\david\AppData\Local\Programs\MiKTeX 2.9\tex/latex/glossaries/base\gl
ossaries-compatible-307.sty"
Package: glossaries-compatible-307 2019/09/28 v4.43 (NLCT)
)
("C:\Users\david\AppData\Local\Programs\MiKTeX 2.9\tex/latex/tracklang\tracklan
g.sty"
Package: tracklang 2019/11/11 v1.3.9 (NLCT) Track Languages

("C:\Users\david\AppData\Local\Programs\MiKTeX 2.9\tex/generic/tracklang\trackl
ang.tex"))
("C:\Users\david\AppData\Local\Programs\MiKTeX 2.9\tex/latex/translator\transla
tor.sty"
Package: translator 2019-05-31 v1.12a Easy translation of strings in LaTeX
)
("C:\Users\david\AppData\Local\Programs\MiKTeX 2.9\tex/latex/glossaries-english
\glossaries-english.ldf"
File: glossaries-english.ldf 2014/11/23 v1.0
)
\gls@level=\count134
\@gls@tmpb=\toks27
\gls@tmplen=\skip47
\glskeylisttok=\toks28
\glslabeltok=\toks29
\glsshorttok=\toks30
\glslongtok=\toks31

("C:\Users\david\AppData\Local\Programs\MiKTeX 2.9\tex/latex/glossaries/styles\
glossary-hypernav.sty"
Package: glossary-hypernav 2019/09/28 v4.43 (NLCT)
)
("C:\Users\david\AppData\Local\Programs\MiKTeX 2.9\tex/latex/glossaries/styles\
glossary-list.sty"
Package: glossary-list 2019/09/28 v4.43 (NLCT)
\glslistdottedwidth=\skip48
)
("C:\Users\david\AppData\Local\Programs\MiKTeX 2.9\tex/latex/glossaries/styles\
glossary-long.sty"
Package: glossary-long 2019/09/28 v4.43 (NLCT)

("C:\Users\david\AppData\Local\Programs\MiKTeX 2.9\tex/latex/tools\longtable.st
y"
Package: longtable 2019/02/06 v4.12 Multi-page Table package (DPC)
\LTleft=\skip49
\LTright=\skip50
\LTpre=\skip51
\LTpost=\skip52
\LTchunksize=\count135
\LTcapwidth=\dimen117
\LT@head=\box31
\LT@firsthead=\box32
\LT@foot=\box33
\LT@lastfoot=\box34
\LT@cols=\count136
\LT@rows=\count137
\c@LT@tables=\count138
\c@LT@chunks=\count139
\LT@p@ftn=\toks32
)
\glsdescwidth=\skip53
\glspagelistwidth=\skip54
)
("C:\Users\david\AppData\Local\Programs\MiKTeX 2.9\tex/latex/glossaries/styles\
glossary-super.sty"
Package: glossary-super 2019/09/28 v4.43 (NLCT)

("C:\Users\david\AppData\Local\Programs\MiKTeX 2.9\tex/latex/supertabular\super
tabular.sty"
Package: supertabular 2004/02/20 v4.1e the supertabular environment
\c@tracingst=\count140
\ST@wd=\dimen118
\ST@rightskip=\skip55
\ST@leftskip=\skip56
\ST@parfillskip=\skip57
\ST@pageleft=\dimen119
\ST@headht=\dimen120
\ST@tailht=\dimen121
\ST@pagesofar=\dimen122
\ST@pboxht=\dimen123
\ST@lineht=\dimen124
\ST@stretchht=\dimen125
\ST@prevht=\dimen126
\ST@toadd=\dimen127
\ST@dimen=\dimen128
\ST@pbox=\box35
))
("C:\Users\david\AppData\Local\Programs\MiKTeX 2.9\tex/latex/glossaries/styles\
glossary-tree.sty"
Package: glossary-tree 2019/09/28 v4.43 (NLCT)
\glstreeindent=\skip58
)) (em-thesis.sty
("C:\Users\david\AppData\Local\Programs\MiKTeX 2.9\tex/latex/base\fontenc.sty"
Package: fontenc 2018/08/11 v2.0j Standard LaTeX package

("C:\Users\david\AppData\Local\Programs\MiKTeX 2.9\tex/latex/base\t1enc.def"
File: t1enc.def 2018/08/11 v2.0j Standard LaTeX file
LaTeX Font Info:    Redeclaring font encoding T1 on input line 48.
))
("C:\Users\david\AppData\Local\Programs\MiKTeX 2.9\tex/latex/base\inputenc.sty"
Package: inputenc 2018/08/11 v1.3c Input encoding file
\inpenc@prehook=\toks33
\inpenc@posthook=\toks34
)
("C:\Users\david\AppData\Local\Programs\MiKTeX 2.9\tex/latex/geometry\geometry.
sty"
Package: geometry 2018/04/16 v5.8 Page Geometry

("C:\Users\david\AppData\Local\Programs\MiKTeX 2.9\tex/generic/iftex\ifvtex.sty
"
Package: ifvtex 2019/10/25 v1.7 ifvtex legacy package. Use iftex instead.
)
("C:\Users\david\AppData\Local\Programs\MiKTeX 2.9\tex/generic/iftex\ifxetex.st
y"
Package: ifxetex 2019/10/25 v0.7 ifxetex legacy package. Use iftex instead.
)
\Gm@cnth=\count141
\Gm@cntv=\count142
\c@Gm@tempcnt=\count143
\Gm@bindingoffset=\dimen129
\Gm@wd@mp=\dimen130
\Gm@odd@mp=\dimen131
\Gm@even@mp=\dimen132
\Gm@layoutwidth=\dimen133
\Gm@layoutheight=\dimen134
\Gm@layouthoffset=\dimen135
\Gm@layoutvoffset=\dimen136
\Gm@dimlist=\toks35

("C:\Users\david\AppData\Local\Programs\MiKTeX 2.9\tex/latex/geometry\geometry.
cfg"))
("C:\Users\david\AppData\Local\Programs\MiKTeX 2.9\tex/latex/graphics\graphicx.
sty"
Package: graphicx 2017/06/01 v1.1a Enhanced LaTeX Graphics (DPC,SPQR)

("C:\Users\david\AppData\Local\Programs\MiKTeX 2.9\tex/latex/graphics\graphics.
sty"
Package: graphics 2019/11/01 v1.3d Standard LaTeX Graphics (DPC,SPQR)

("C:\Users\david\AppData\Local\Programs\MiKTeX 2.9\tex/latex/graphics\trig.sty"
Package: trig 2016/01/03 v1.10 sin cos tan (DPC)
)
("C:\Users\david\AppData\Local\Programs\MiKTeX 2.9\tex/latex/graphics-cfg\graph
ics.cfg"
File: graphics.cfg 2016/06/04 v1.11 sample graphics configuration
)
Package graphics Info: Driver file: pdftex.def on input line 105.

("C:\Users\david\AppData\Local\Programs\MiKTeX 2.9\tex/latex/graphics-def\pdfte
x.def"
File: pdftex.def 2018/01/08 v1.0l Graphics/color driver for pdftex
))
\Gin@req@height=\dimen137
\Gin@req@width=\dimen138
)
("C:\Users\david\AppData\Local\Programs\MiKTeX 2.9\tex/latex/base\makeidx.sty"
Package: makeidx 2014/09/29 v1.0m Standard LaTeX package
) ("C:\Program Files\MiKTeX 2.9\tex/latex/fancyhdr\fancyhdr.sty"
Package: fancyhdr 2019/01/31 v3.10 Extensive control of page headers and footer
s
\f@nch@headwidth=\skip59
\f@nch@O@elh=\skip60
\f@nch@O@erh=\skip61
\f@nch@O@olh=\skip62
\f@nch@O@orh=\skip63
\f@nch@O@elf=\skip64
\f@nch@O@erf=\skip65
\f@nch@O@olf=\skip66
\f@nch@O@orf=\skip67
)
("C:\Program Files\MiKTeX 2.9\tex/latex/setspace\setspace.sty"
Package: setspace 2011/12/19 v6.7a set line spacing
)
("C:\Users\david\AppData\Local\Programs\MiKTeX 2.9\tex/latex/tools\array.sty"
Package: array 2019/08/31 v2.4l Tabular extension package (FMi)
\col@sep=\dimen139
\ar@mcellbox=\box36
\extrarowheight=\dimen140
\NC@list=\toks36
\extratabsurround=\skip68
\backup@length=\skip69
\ar@cellbox=\box37
)
("C:\Program Files\MiKTeX 2.9\tex/latex/xcolor\xcolor.sty"
Package: xcolor 2016/05/11 v2.12 LaTeX color extensions (UK)

("C:\Users\david\AppData\Local\Programs\MiKTeX 2.9\tex/latex/graphics-cfg\color
.cfg"
File: color.cfg 2016/01/02 v1.6 sample color configuration
)
Package xcolor Info: Driver file: pdftex.def on input line 225.
Package xcolor Info: Model `cmy' substituted by `cmy0' on input line 1348.
Package xcolor Info: Model `hsb' substituted by `rgb' on input line 1352.
Package xcolor Info: Model `RGB' extended on input line 1364.
Package xcolor Info: Model `HTML' substituted by `rgb' on input line 1366.
Package xcolor Info: Model `Hsb' substituted by `hsb' on input line 1367.
Package xcolor Info: Model `tHsb' substituted by `hsb' on input line 1368.
Package xcolor Info: Model `HSB' substituted by `hsb' on input line 1369.
Package xcolor Info: Model `Gray' substituted by `gray' on input line 1370.
Package xcolor Info: Model `wave' substituted by `hsb' on input line 1371.
) ("C:\Program Files\MiKTeX 2.9\tex/latex/colortbl\colortbl.sty"
Package: colortbl 2018/12/12 v1.0d Color table columns (DPC)
\everycr=\toks37
\minrowclearance=\skip70
)
("C:\Program Files\MiKTeX 2.9\tex/latex/url\url.sty"
\Urlmuskip=\muskip11
Package: url 2013/09/16  ver 3.4  Verb mode for urls, etc.
)
("C:\Users\david\AppData\Local\Programs\MiKTeX 2.9\tex/latex/oberdiek\ifdraft.s
ty"
Package: ifdraft 2016/05/16 v1.4 Detect class options draft and final (HO)
)
("C:\Users\david\AppData\Local\Programs\MiKTeX 2.9\tex/latex/tools\xspace.sty"
Package: xspace 2014/10/28 v1.13 Space after command names (DPC,MH)
)
\chapnolen=\skip71
\chapparlen=\skip72
\chapno=\box38
\thesisauthorsaveone=\box39
\thesisauthorsavetwo=\box40
\thesismatrikelsave=\box41
\thesistypesave=\box42
\thesistitlesaveone=\box43
\thesistitlesavetwo=\box44
\thesissupervisoronesave=\box45
\thesissupervisortwosave=\box46
\thesisstartdatesave=\box47
\thesisenddatesave=\box48
)
("C:\Users\david\AppData\Local\Programs\MiKTeX 2.9\tex/latex/titlesec\titlesec.
sty"
Package: titlesec 2019/10/16 v2.13 Sectioning titles
\ttl@box=\box49
\beforetitleunit=\skip73
\aftertitleunit=\skip74
\ttl@plus=\dimen141
\ttl@minus=\dimen142
\ttl@toksa=\toks38
\titlewidth=\dimen143
\titlewidthlast=\dimen144
\titlewidthfirst=\dimen145
)
\c@ttlp@side=\count144
\ttlp@side=\count145
\glswrite=\write3
\glo@main@file=\write4
\openout4 = `thesis.glo'.

Package glossaries Info: Writing glossary file thesis.glo on input line 43.
 (thesis.aux (em_includes/titlepage_en.aux)
(em_includes/declaration_de.aux) (content.aux

LaTeX Warning: Label `tbl:TableLatexShortened' multiply defined.


LaTeX Warning: Label `tbl:TableLatexShortened' multiply defined.


LaTeX Warning: Label `tbl:TableLatexShortened' multiply defined.


LaTeX Warning: Label `tbl:TableLatexShortened' multiply defined.


LaTeX Warning: Label `tbl:TableLatexShortened' multiply defined.


LaTeX Warning: Label `tbl:TableLatexShortened' multiply defined.

))
\openout1 = `thesis.aux'.

LaTeX Font Info:    Checking defaults for OML/cmm/m/it on input line 111.
LaTeX Font Info:    ... okay on input line 111.
LaTeX Font Info:    Checking defaults for T1/cmr/m/n on input line 111.
LaTeX Font Info:    ... okay on input line 111.
LaTeX Font Info:    Checking defaults for OT1/cmr/m/n on input line 111.
LaTeX Font Info:    ... okay on input line 111.
LaTeX Font Info:    Checking defaults for OMS/cmsy/m/n on input line 111.
LaTeX Font Info:    ... okay on input line 111.
LaTeX Font Info:    Checking defaults for OMX/cmex/m/n on input line 111.
LaTeX Font Info:    ... okay on input line 111.
LaTeX Font Info:    Checking defaults for U/cmr/m/n on input line 111.
LaTeX Font Info:    ... okay on input line 111.
\c@lstlisting=\count146

*geometry* driver: auto-detecting
*geometry* detected driver: pdftex
*geometry* verbose mode - [ preamble ] result:
* driver: pdftex
* paper: a4paper
* layout: <same size as paper>
* layoutoffset:(h,v)=(0.0pt,0.0pt)
* modes: twoside 
* h-part:(L,W,R)=(71.13188pt, 469.47049pt, 56.9055pt)
* v-part:(T,H,B)=(71.13188pt, 702.78308pt, 71.13188pt)
* \paperwidth=597.50787pt
* \paperheight=845.04684pt
* \textwidth=469.47049pt
* \textheight=702.78308pt
* \oddsidemargin=-1.1381pt
* \evensidemargin=-15.36449pt
* \topmargin=-33.0119pt
* \headheight=15.0pt
* \headsep=19.8738pt
* \topskip=12.0pt
* \footskip=30.0pt
* \marginparwidth=98.0pt
* \marginparsep=7.0pt
* \columnsep=10.0pt
* \skip\footins=10.8pt plus 4.0pt minus 2.0pt
* \hoffset=0.0pt
* \voffset=0.0pt
* \mag=1000
* \@twocolumnfalse
* \@twosidetrue
* \@mparswitchtrue
* \@reversemarginfalse
* (1in=72.27pt=25.4mm, 1cm=28.453pt)

("C:\Program Files\MiKTeX 2.9\tex/context/base/mkii\supp-pdf.mkii"
[Loading MPS to PDF converter (version 2006.09.02).]
\scratchcounter=\count147
\scratchdimen=\dimen146
\scratchbox=\box50
\nofMPsegments=\count148
\nofMParguments=\count149
\everyMPshowfont=\toks39
\MPscratchCnt=\count150
\MPscratchDim=\dimen147
\MPnumerator=\count151
\makeMPintoPDFobject=\count152
\everyMPtoPDFconversion=\toks40
)
("C:\Users\david\AppData\Local\Programs\MiKTeX 2.9\tex/latex/oberdiek\epstopdf-
base.sty"
Package: epstopdf-base 2016/05/15 v2.6 Base part for package epstopdf

("C:\Users\david\AppData\Local\Programs\MiKTeX 2.9\tex/latex/oberdiek\grfext.st
y"
Package: grfext 2016/05/16 v1.2 Manage graphics extensions (HO)

("C:\Users\david\AppData\Local\Programs\MiKTeX 2.9\tex/generic/oberdiek\kvdefin
ekeys.sty"
Package: kvdefinekeys 2016/05/16 v1.4 Define keys (HO)
))
("C:\Users\david\AppData\Local\Programs\MiKTeX 2.9\tex/latex/oberdiek\kvoptions
.sty"
Package: kvoptions 2016/05/16 v3.12 Key value format for package options (HO)

("C:\Users\david\AppData\Local\Programs\MiKTeX 2.9\tex/generic/oberdiek\kvsetke
ys.sty"
Package: kvsetkeys 2016/05/16 v1.17 Key value parser (HO)

("C:\Users\david\AppData\Local\Programs\MiKTeX 2.9\tex/generic/oberdiek\etexcmd
s.sty"
Package: etexcmds 2016/05/16 v1.6 Avoid name clashes with e-TeX commands (HO)
)))
Package epstopdf-base Info: Redefining graphics rule for `.eps' on input line 4
38.
Package grfext Info: Graphics extension search list:
(grfext)             [.pdf,.png,.jpg,.mps,.jpeg,.jbig2,.jb2,.PDF,.PNG,.JPG,.JPE
G,.JBIG2,.JB2,.eps]
(grfext)             \AppendGraphicsExtensions on input line 456.
)
\openout2 = `em_includes/titlepage_en.aux'.

 (em_includes/titlepage_en.tex
<em_includes/hskaLogo.png, id=1, 1284.8pt x 459.7175pt>
File: em_includes/hskaLogo.png Graphic file (type png)
<use em_includes/hskaLogo.png>
Package pdftex.def Info: em_includes/hskaLogo.png  used on input line 62.
(pdftex.def)             Requested size: 113.81102pt x 40.72041pt.
<em_includes/IUMS.png, id=4, 301.125pt x 97.36375pt>
File: em_includes/IUMS.png Graphic file (type png)
<use em_includes/IUMS.png>
Package pdftex.def Info: em_includes/IUMS.png  used on input line 62.
(pdftex.def)             Requested size: 113.81102pt x 36.79951pt.

Overfull \vbox (2.70918pt too high) has occurred while \output is active []


[1

\openout3 = `thesis.ist'.



{C:/Users/david/AppData/Local/MiKTeX/2.9/pdftex/config/pdftex.map} <./em_includ
es/hskaLogo.png> <./em_includes/IUMS.png>]) [2



]
\openout2 = `em_includes/declaration_de.aux'.


(em_includes/declaration_de.tex) (thesis.toc)
\tf@toc=\write5
\openout5 = `thesis.toc'.

 (thesis.gls [4





]) [5

] (thesis.lof)
\tf@lof=\write6
\openout6 = `thesis.lof'.

[6

] (thesis.lot)
\tf@lot=\write7
\openout7 = `thesis.lot'.

 [0

]
\openout2 = `content.aux'.

 (content.tex
Chapter 1.
[1


]
LaTeX Font Info:    Trying to load font information for OMS+cmr on input line 6
2.
 ("C:\Users\david\AppData\Local\Programs\MiKTeX 2.9\tex/latex/base\omscmr.fd"
File: omscmr.fd 2014/09/29 v2.5h Standard LaTeX font definitions
)
LaTeX Font Info:    Font shape `OMS/cmr/m/n' in size <12> not available
(Font)              Font shape `OMS/cmsy/m/n' tried instead on input line 62.
<SystemAndContext.png, id=39, 484.05844pt x 283.4339pt>
File: SystemAndContext.png Graphic file (type png)
<use SystemAndContext.png>
Package pdftex.def Info: SystemAndContext.png  used on input line 79.
(pdftex.def)             Requested size: 290.4373pt x 170.06165pt.
 [2 <./SystemAndContext.png>]
Chapter 2.

Underfull \hbox (badness 10000) in paragraph at lines 87--90

 []

<PerspektivenModel.png, id=47, 415.92891pt x 321.45094pt>
File: PerspektivenModel.png Graphic file (type png)
<use PerspektivenModel.png>
Package pdftex.def Info: PerspektivenModel.png  used on input line 94.
(pdftex.def)             Requested size: 291.14824pt x 225.01411pt.

Underfull \hbox (badness 10000) in paragraph at lines 99--101

 []

[3

 <./PerspektivenModel.png>]
<TableLatexShortened.png, id=52, 1062.21844pt x 902.6222pt>
File: TableLatexShortened.png Graphic file (type png)
<use TableLatexShortened.png>
Package pdftex.def Info: TableLatexShortened.png  used on input line 114.
(pdftex.def)             Requested size: 318.66798pt x 270.78874pt.

Underfull \hbox (badness 10000) in paragraph at lines 119--120

 []

[4 <./TableLatexShortened.png>]
<ERMexample.png, id=58, 541.27219pt x 303.38344pt>
File: ERMexample.png Graphic file (type png)
<use ERMexample.png>
Package pdftex.def Info: ERMexample.png  used on input line 124.
(pdftex.def)             Requested size: 324.76581pt x 182.03146pt.
 [5 <./ERMexample.png>]
<ExampleUML-1.png, id=63, 976.39781pt x 958.3303pt>
File: ExampleUML-1.png Graphic file (type png)
<use ExampleUML-1.png>
Package pdftex.def Info: ExampleUML-1.png  used on input line 141.
(pdftex.def)             Requested size: 292.9216pt x 287.50131pt.
<UMLExample.png, id=64, 485.815pt x 296.10625pt>
File: UMLExample.png Graphic file (type png)
<use UMLExample.png>
Package pdftex.def Info: UMLExample.png  used on input line 148.
(pdftex.def)             Requested size: 291.49124pt x 177.66512pt.
 [6 <./ExampleUML-1.png> <./UMLExample.png>] [7]
<EPC-1.png, id=74, 977.90344pt x 679.78969pt>
File: EPC-1.png Graphic file (type png)
<use EPC-1.png>
Package pdftex.def Info: EPC-1.png  used on input line 182.
(pdftex.def)             Requested size: 244.47527pt x 169.947pt.
<EPC.png, id=75, 546.04pt x 763.85374pt>
File: EPC.png Graphic file (type png)
<use EPC.png>
Package pdftex.def Info: EPC.png  used on input line 190.
(pdftex.def)             Requested size: 207.49734pt x 290.26743pt.
 [8 <./EPC-1.png> <./EPC.png>]
<TableBPMNLatex.png, id=81, 323.70938pt x 452.4403pt>
File: TableBPMNLatex.png Graphic file (type png)
<use TableBPMNLatex.png>
Package pdftex.def Info: TableBPMNLatex.png  used on input line 215.
(pdftex.def)             Requested size: 268.67871pt x 375.52536pt.
 [9 <./TableBPMNLatex.png>]
Underfull \hbox (badness 10000) in paragraph at lines 220--221

 []

<BPMN_Ticket_Order.png, id=86, 876.27374pt x 434.62375pt>
File: BPMN_Ticket_Order.png Graphic file (type png)
<use BPMN_Ticket_Order.png>
Package pdftex.def Info: BPMN_Ticket_Order.png  used on input line 225.
(pdftex.def)             Requested size: 481.95204pt x 239.0438pt.

Overfull \hbox (12.48155pt too wide) in paragraph at lines 225--226
 [][] 
 []

[10 <./BPMN_Ticket_Order.png>]
Underfull \hbox (badness 10000) in paragraph at lines 244--247

 []

<petriTable.png, id=91, 472.76625pt x 392.21532pt>
File: petriTable.png Graphic file (type png)
<use petriTable.png>
Package pdftex.def Info: petriTable.png  used on input line 251.
(pdftex.def)             Requested size: 378.2135pt x 313.77267pt.
[11 <./petriTable.png>]
<PETRI-NET.png, id=96, 1090.0725pt x 595.22375pt>
File: PETRI-NET.png Graphic file (type png)
<use PETRI-NET.png>
Package pdftex.def Info: PETRI-NET.png  used on input line 261.
(pdftex.def)             Requested size: 381.53108pt x 208.33144pt.
 [12 <./PETRI-NET.png>]
Underfull \hbox (badness 10000) in paragraph at lines 271--272

 []

<statechart-1.png, id=101, 970.3753pt x 768.62157pt>
File: statechart-1.png Graphic file (type png)
<use statechart-1.png>
Package pdftex.def Info: statechart-1.png  used on input line 276.
(pdftex.def)             Requested size: 291.11484pt x 230.58824pt.
[13 <./statechart-1.png>]
Underfull \hbox (badness 10000) in paragraph at lines 283--284

 []

<UMLState.png, id=107, 771.88374pt x 285.065pt>
File: UMLState.png Graphic file (type png)
<use UMLState.png>
Package pdftex.def Info: UMLState.png  used on input line 287.
(pdftex.def)             Requested size: 424.53737pt x 156.78622pt.
[14 <./UMLState.png>]
Chapter 3.
[15

]
Underfull \hbox (badness 10000) in paragraph at lines 314--319

 []

<jBPM.png, id=115, 344.03531pt x 216.05719pt>
File: jBPM.png Graphic file (type png)
<use jBPM.png>
Package pdftex.def Info: jBPM.png  used on input line 322.
(pdftex.def)             Requested size: 292.4314pt x 183.64946pt.
<jBPMworkflow.png, id=116, 201.75375pt x 225.84375pt>
File: jBPMworkflow.png Graphic file (type png)
<use jBPMworkflow.png>
Package pdftex.def Info: jBPMworkflow.png  used on input line 340.
(pdftex.def)             Requested size: 171.49149pt x 191.96808pt.
[16 <./jBPM.png> <./jBPMworkflow.png>]
Underfull \hbox (badness 10000) in paragraph at lines 344--347

 []

<RedHatnew.png, id=122, 555.57562pt x 639.13782pt>
File: RedHatnew.png Graphic file (type png)
<use RedHatnew.png>
Package pdftex.def Info: RedHatnew.png  used on input line 350.
(pdftex.def)             Requested size: 333.34793pt x 383.48566pt.
[17 <./RedHatnew.png>]
<CamundaArchitecture.png, id=127, 587.19376pt x 335.00156pt>
File: CamundaArchitecture.png Graphic file (type png)
<use CamundaArchitecture.png>
Package pdftex.def Info: CamundaArchitecture.png  used on input line 362.
(pdftex.def)             Requested size: 381.67142pt x 217.74843pt.
 [18 <./CamundaArchitecture.png>] [19]
Underfull \hbox (badness 10000) in paragraph at lines 387--391

 []

<CamundaBPMN.png, id=136, 1076.02pt x 764.8575pt>
File: CamundaBPMN.png Graphic file (type png)
<use CamundaBPMN.png>
Package pdftex.def Info: CamundaBPMN.png  used on input line 394.
(pdftex.def)             Requested size: 430.40038pt x 305.93758pt.
[20 <./CamundaBPMN.png>]
Chapter 4.
<EngineTable.png, id=141, 461.85046pt x 285.31593pt>
File: EngineTable.png Graphic file (type png)
<use EngineTable.png>
Package pdftex.def Info: EngineTable.png  used on input line 409.
(pdftex.def)             Requested size: 346.387pt x 213.98642pt.
) [21

 <./EngineTable.png>] (thesis.bbl
LaTeX Font Info:    Trying to load font information for T1+cmtt on input line 1
5.

("C:\Users\david\AppData\Local\Programs\MiKTeX 2.9\tex/latex/base\t1cmtt.fd"
File: t1cmtt.fd 2014/09/29 v2.5h Standard LaTeX font definitions
)
Underfull \hbox (badness 10000) in paragraph at lines 13--16
[]\T1/cmr/m/n/12 Amelie Lang, Markus Wiener, Michael Be-zold, Chris Rupp,
 []


Underfull \hbox (badness 10000) in paragraph at lines 13--16
\T1/cmr/m/n/12 and Jan Dovica (2019), Videos im re: Das sagenum-wobene
 []


Underfull \hbox (badness 10000) in paragraph at lines 13--16
\T1/cmr/m/n/12 umge-bungsvideo. URL $\T1/cmtt/m/n/12 https : / / blog . sophist
 . de / 2019 / 04 / 17 /
 []

[7



]
Underfull \hbox (badness 10000) in paragraph at lines 112--114
[]\T1/cmr/m/n/12 Red Hat (2019), Red hat pro-cess au-toma-tion man-ager. URL
 []


Underfull \hbox (badness 10000) in paragraph at lines 112--114
\T1/cmtt/m/n/12 https : / / www . redhat . com / de / technologies / jboss-[]mi
ddleware /
 []

[8]) [9
runsystem(makeindex -s thesis.ist -t thesis.glg -o thesis.gls thesis.glo)...exe
cuted (allowed).

] (thesis.aux (em_includes/titlepage_en.aux)
(em_includes/declaration_de.aux) (content.aux))

LaTeX Warning: There were multiply-defined labels.

 ) 
Here is how much of TeX's memory you used:
 13574 strings out of 492450
 220738 string characters out of 3120004
 350109 words of memory out of 3000000
 17635 multiletter control sequences out of 15000+200000
 15717 words of font info for 38 fonts, out of 3000000 for 9000
 1141 hyphenation exceptions out of 8191
 50i,11n,63p,1996b,558s stack positions out of 5000i,500n,10000p,200000b,50000s
 <C:\Users\david\AppData\Local\MiKTeX\2.9\fonts/pk/ljfour/jknappen/ec/dpi600\
ectt1200.pk> <C:\Users\david\AppData\Local\MiKTeX\2.9\fonts/pk/ljfour/jknappen/
ec/dpi600\ecbx1440.pk> <C:\Users\david\AppData\Local\MiKTeX\2.9\fonts/pk/ljfour
/jknappen/ec/dpi600\ecti1200.pk> <C:\Users\david\AppData\Local\MiKTeX\2.9\fonts
/pk/ljfour/jknappen/ec/dpi600\ecsl1200.pk> <C:\Users\david\AppData\Local\MiKTeX
\2.9\fonts/pk/ljfour/jknappen/ec/dpi600\ecbx1728.pk> <C:\Users\david\AppData\Lo
cal\MiKTeX\2.9\fonts/pk/ljfour/jknappen/ec/dpi600\eccc1200.pk> <C:\Users\david\
AppData\Local\MiKTeX\2.9\fonts/pk/ljfour/jknappen/ec/dpi600\ecbx1200.pk> <C:\Us
ers\david\AppData\Local\MiKTeX\2.9\fonts/pk/ljfour/jknappen/ec/dpi600\ecrm1200.
pk> <C:\Users\david\AppData\Local\MiKTeX\2.9\fonts/pk/ljfour/jknappen/ec/dpi600
\ecbx2488.pk><C:/Users/david/AppData/Local/Programs/MiKTeX 2.9/fonts/type1/publ
ic/amsfonts/cm/cmr8.pfb><C:/Users/david/AppData/Local/Programs/MiKTeX 2.9/fonts
/type1/public/amsfonts/cm/cmsy10.pfb>
Output written on thesis.pdf (30 pages, 1871276 bytes).
PDF statistics:
 582 PDF objects out of 1000 (max. 8388607)
 0 named destinations out of 1000 (max. 500000)
 123 words of extra memory for PDF output out of 10000 (max. 10000000)

